                      :-) GROMACS - gmx mdrun, 2019.4 (-:

                            GROMACS is written by:
     Emile Apol      Rossen Apostolov      Paul Bauer     Herman J.C. Berendsen
    Par Bjelkmar      Christian Blau   Viacheslav Bolnykh     Kevin Boyd    
 Aldert van Buuren   Rudi van Drunen     Anton Feenstra       Alan Gray     
  Gerrit Groenhof     Anca Hamuraru    Vincent Hindriksen  M. Eric Irrgang  
  Aleksei Iupinov   Christoph Junghans     Joe Jordan     Dimitrios Karkoulis
    Peter Kasson        Jiri Kraus      Carsten Kutzner      Per Larsson    
  Justin A. Lemkul    Viveca Lindahl    Magnus Lundborg     Erik Marklund   
    Pascal Merz     Pieter Meulenhoff    Teemu Murtola       Szilard Pall   
    Sander Pronk      Roland Schulz      Michael Shirts    Alexey Shvetsov  
   Alfons Sijbers     Peter Tieleman      Jon Vincent      Teemu Virolainen 
 Christian Wennberg    Maarten Wolf   
                           and the project leaders:
        Mark Abraham, Berk Hess, Erik Lindahl, and David van der Spoel

Copyright (c) 1991-2000, University of Groningen, The Netherlands.
Copyright (c) 2001-2018, The GROMACS development team at
Uppsala University, Stockholm University and
the Royal Institute of Technology, Sweden.
check out http://www.gromacs.org for more information.

GROMACS is free software; you can redistribute it and/or modify it
under the terms of the GNU Lesser General Public License
as published by the Free Software Foundation; either version 2.1
of the License, or (at your option) any later version.

GROMACS:      gmx mdrun, version 2019.4
Executable:   /usr/local/gromacs/bin/gmx
Data prefix:  /usr/local/gromacs
Working dir:  /home/leo/ME/HSE/Chem/8
Command line:
  gmx mdrun -nt 8 -gpu_id 0 -deffnm pep_md -v

Reading file pep_md.tpr, VERSION 2019.4 (single precision)
Changing nstlist from 10 to 100, rlist from 1 to 1.114

Using 1 MPI thread
Using 8 OpenMP threads 

1 GPU selected for this run.
Mapping of GPU IDs to the 2 GPU tasks in the 1 rank on this node:
  PP:0,PME:0
PP tasks will do (non-perturbed) short-ranged interactions on the GPU
PME tasks will do all aspects on the GPU
starting mdrun 'ARGININE ATTENUATOR PEPTIDE'
10000000 steps,  20000.0 ps.
step  200: timed with pme grid 44 40 36, coulomb cutoff 1.000: 139.2 M-cycles
step  400: timed with pme grid 40 36 32, coulomb cutoff 1.099: 153.2 M-cycles
step  600: timed with pme grid 36 32 28, coulomb cutoff 1.256: 164.1 M-cycles
step  800: timed with pme grid 36 32 32, coulomb cutoff 1.216: 171.7 M-cycles
step 1000: timed with pme grid 36 36 32, coulomb cutoff 1.172: 154.2 M-cycles
step 1200: timed with pme grid 40 36 32, coulomb cutoff 1.099: 149.4 M-cycles
step 1400: timed with pme grid 40 36 36, coulomb cutoff 1.081: 141.5 M-cycles
step 1600: timed with pme grid 40 40 36, coulomb cutoff 1.055: 137.6 M-cycles
step 1800: timed with pme grid 42 40 36, coulomb cutoff 1.005: 132.2 M-cycles
step 2000: timed with pme grid 44 40 36, coulomb cutoff 1.000: 133.7 M-cycles
step 2200: timed with pme grid 40 36 36, coulomb cutoff 1.081: 134.9 M-cycles
step 2400: timed with pme grid 40 40 36, coulomb cutoff 1.055: 147.6 M-cycles
step 2600: timed with pme grid 42 40 36, coulomb cutoff 1.005: 134.8 M-cycles
step 2800: timed with pme grid 44 40 36, coulomb cutoff 1.000: 127.6 M-cycles
step 3000: timed with pme grid 40 36 36, coulomb cutoff 1.081: 154.7 M-cycles
step 3200: timed with pme grid 40 40 36, coulomb cutoff 1.055: 134.9 M-cycles
step 3400: timed with pme grid 42 40 36, coulomb cutoff 1.005: 128.1 M-cycles
step 3600: timed with pme grid 44 40 36, coulomb cutoff 1.000: 135.2 M-cycles
step 3800: timed with pme grid 40 36 36, coulomb cutoff 1.081: 136.6 M-cycles
step 4000: timed with pme grid 40 40 36, coulomb cutoff 1.055: 157.8 M-cycles
step 4200: timed with pme grid 42 40 36, coulomb cutoff 1.005: 129.4 M-cycles
step 4400: timed with pme grid 44 40 36, coulomb cutoff 1.000: 129.1 M-cycles
              optimal pme grid 44 40 36, coulomb cutoff 1.000
step 9999900, remaining wall clock time:     0 s          
Writing final coordinates.
step 10000000, remaining wall clock time:     0 s          
               Core t (s)   Wall t (s)        (%)
       Time:    30118.531     3764.816      800.0
                         1h02:44
                 (ns/day)    (hour/ns)
Performance:      458.987        0.052

GROMACS reminds you: "Just Give Me a Blip" (F. Black)
