                     :-) GROMACS - gmx trjconv, 2019.4 (-:

                            GROMACS is written by:
     Emile Apol      Rossen Apostolov      Paul Bauer     Herman J.C. Berendsen
    Par Bjelkmar      Christian Blau   Viacheslav Bolnykh     Kevin Boyd    
 Aldert van Buuren   Rudi van Drunen     Anton Feenstra       Alan Gray     
  Gerrit Groenhof     Anca Hamuraru    Vincent Hindriksen  M. Eric Irrgang  
  Aleksei Iupinov   Christoph Junghans     Joe Jordan     Dimitrios Karkoulis
    Peter Kasson        Jiri Kraus      Carsten Kutzner      Per Larsson    
  Justin A. Lemkul    Viveca Lindahl    Magnus Lundborg     Erik Marklund   
    Pascal Merz     Pieter Meulenhoff    Teemu Murtola       Szilard Pall   
    Sander Pronk      Roland Schulz      Michael Shirts    Alexey Shvetsov  
   Alfons Sijbers     Peter Tieleman      Jon Vincent      Teemu Virolainen 
 Christian Wennberg    Maarten Wolf   
                           and the project leaders:
        Mark Abraham, Berk Hess, Erik Lindahl, and David van der Spoel

Copyright (c) 1991-2000, University of Groningen, The Netherlands.
Copyright (c) 2001-2018, The GROMACS development team at
Uppsala University, Stockholm University and
the Royal Institute of Technology, Sweden.
check out http://www.gromacs.org for more information.

GROMACS is free software; you can redistribute it and/or modify it
under the terms of the GNU Lesser General Public License
as published by the Free Software Foundation; either version 2.1
of the License, or (at your option) any later version.

GROMACS:      gmx trjconv, version 2019.4
Executable:   /usr/local/gromacs/bin/gmx
Data prefix:  /usr/local/gromacs
Working dir:  /home/leo/ME/HSE/Chem/8
Command line:
  gmx trjconv -f pep_md.xtc -s pep_md.tpr -o pep_fit.pdb -skip 10 -fit rot+trans

Note that major changes are planned in future for trjconv, to improve usability and utility.
Will write pdb: Protein data bank file
Reading file pep_md.tpr, VERSION 2019.4 (single precision)
Reading file pep_md.tpr, VERSION 2019.4 (single precision)
Select group for least squares fit
Group     0 (         System) has  5650 elements
Group     1 (        Protein) has   243 elements
Group     2 (      Protein-H) has   127 elements
Group     3 (        C-alpha) has    15 elements
Group     4 (       Backbone) has    45 elements
Group     5 (      MainChain) has    61 elements
Group     6 (   MainChain+Cb) has    76 elements
Group     7 (    MainChain+H) has    78 elements
Group     8 (      SideChain) has   165 elements
Group     9 (    SideChain-H) has    66 elements
Group    10 (    Prot-Masses) has   243 elements
Group    11 (    non-Protein) has  5407 elements
Group    12 (          Other) has  5406 elements
Group    13 (            FAM) has  5406 elements
Group    14 (             NA) has     1 elements
Group    15 (            Ion) has     1 elements
Group    16 (            FAM) has  5406 elements
Group    17 (             NA) has     1 elements
Select a group: 1
Selected 1: 'Protein'
Select group for output
Group     0 (         System) has  5650 elements
Group     1 (        Protein) has   243 elements
Group     2 (      Protein-H) has   127 elements
Group     3 (        C-alpha) has    15 elements
Group     4 (       Backbone) has    45 elements
Group     5 (      MainChain) has    61 elements
Group     6 (   MainChain+Cb) has    76 elements
Group     7 (    MainChain+H) has    78 elements
Group     8 (      SideChain) has   165 elements
Group     9 (    SideChain-H) has    66 elements
Group    10 (    Prot-Masses) has   243 elements
Group    11 (    non-Protein) has  5407 elements
Group    12 (          Other) has  5406 elements
Group    13 (            FAM) has  5406 elements
Group    14 (             NA) has     1 elements
Group    15 (            Ion) has     1 elements
Group    16 (            FAM) has  5406 elements
Group    17 (             NA) has     1 elements
Select a group: 1
Selected 1: 'Protein'
Reading frame       0 time    0.000   
Precision of pep_md.xtc is 0.001 (nm)

Back Off! I just backed up pep_fit.pdb to ./#pep_fit.pdb.2#
Last frame       2000 time 20000.000    ->  frame    200 time 20000.000      


GROMACS reminds you: "A robot will be truly autonomous when you instruct it to go to work and it decides to go to the beach instead." (Brad Templeton)
